<?xml version="1.0" encoding="UTF-8"?>
<!-- Generated by org.testng.reporters.JUnitReportReporter -->
<testsuite hostname="joe-PC" failures="0" tests="3" name="tests.Validate_Studio_Location" time="18.322" errors="0" timestamp="21 Jul 2021 14:26:56 GMT" skipped="0">
  <testcase classname="tests.Validate_Studio_Location" name="printBusinessHours" time="9.038"/>
  <testcase classname="tests.Validate_Studio_Location" name="validateSearchResults" time="6.648"/>
  <testcase classname="tests.Validate_Studio_Location" name="validatePageTitle" time="2.636"/>
</testsuite> <!-- tests.Validate_Studio_Location -->
